<?xml version="1.0" encoding="UTF-8"?>
<coverage generated="1781457088465" clover="3.2.0">
  <project timestamp="1781457088465" name="All files">
    <metrics statements="161" coveredstatements="88" conditionals="74" coveredconditionals="25" methods="47" coveredmethods="28" elements="282" coveredelements="141" complexity="0" loc="161" ncloc="161" packages="6" files="12" classes="12"/>
    <package name="hooks.queries">
      <metrics statements="4" coveredstatements="4" conditionals="2" coveredconditionals="2" methods="2" coveredmethods="2"/>
      <file name="useBudgets.ts" path="C:\Projects\financial-tracker\src\hooks\queries\useBudgets.ts">
        <metrics statements="4" coveredstatements="4" conditionals="2" coveredconditionals="2" methods="2" coveredmethods="2"/>
        <line num="4" count="1" type="stmt"/>
        <line num="7" count="5" type="cond" truecount="2" falsecount="0"/>
        <line num="8" count="5" type="stmt"/>
        <line num="10" count="3" type="stmt"/>
      </file>
    </package>
    <package name="hooks.ui">
      <metrics statements="9" coveredstatements="3" conditionals="8" coveredconditionals="4" methods="3" coveredmethods="1"/>
      <file name="useTheme.ts" path="C:\Projects\financial-tracker\src\hooks\ui\useTheme.ts">
        <metrics statements="9" coveredstatements="3" conditionals="8" coveredconditionals="4" methods="3" coveredmethods="1"/>
        <line num="15" count="6" type="cond" truecount="2" falsecount="0"/>
        <line num="16" count="4" type="cond" truecount="2" falsecount="0"/>
        <line num="17" count="2" type="stmt"/>
        <line num="21" count="0" type="stmt"/>
        <line num="22" count="0" type="stmt"/>
        <line num="23" count="0" type="stmt"/>
        <line num="24" count="0" type="cond" truecount="0" falsecount="2"/>
        <line num="26" count="0" type="stmt"/>
        <line num="27" count="0" type="cond" truecount="0" falsecount="2"/>
      </file>
    </package>
    <package name="services">
      <metrics statements="54" coveredstatements="13" conditionals="36" coveredconditionals="5" methods="10" coveredmethods="6"/>
      <file name="notifications.service.ts" path="C:\Projects\financial-tracker\src\services\notifications.service.ts">
        <metrics statements="54" coveredstatements="13" conditionals="36" coveredconditionals="5" methods="10" coveredmethods="6"/>
        <line num="10" count="1" type="stmt"/>
        <line num="13" count="1" type="stmt"/>
        <line num="16" count="4" type="cond" truecount="1" falsecount="1"/>
        <line num="17" count="0" type="cond" truecount="0" falsecount="2"/>
        <line num="19" count="0" type="stmt"/>
        <line num="20" count="0" type="stmt"/>
        <line num="21" count="0" type="stmt"/>
        <line num="30" count="0" type="stmt"/>
        <line num="36" count="1" type="stmt"/>
        <line num="37" count="1" type="cond" truecount="1" falsecount="1"/>
        <line num="39" count="0" type="stmt"/>
        <line num="40" count="0" type="stmt"/>
        <line num="42" count="0" type="cond" truecount="0" falsecount="2"/>
        <line num="43" count="0" type="stmt"/>
        <line num="44" count="0" type="stmt"/>
        <line num="47" count="0" type="cond" truecount="0" falsecount="2"/>
        <line num="49" count="0" type="cond" truecount="0" falsecount="2"/>
        <line num="50" count="0" type="stmt"/>
        <line num="56" count="0" type="stmt"/>
        <line num="62" count="0" type="stmt"/>
        <line num="63" count="0" type="stmt"/>
        <line num="64" count="0" type="stmt"/>
        <line num="66" count="0" type="stmt"/>
        <line num="71" count="0" type="stmt"/>
        <line num="72" count="0" type="cond" truecount="0" falsecount="2"/>
        <line num="73" count="0" type="stmt"/>
        <line num="85" count="1" type="stmt"/>
        <line num="88" count="0" type="stmt"/>
        <line num="92" count="0" type="stmt"/>
        <line num="100" count="1" type="stmt"/>
        <line num="101" count="1" type="cond" truecount="1" falsecount="1"/>
        <line num="103" count="0" type="stmt"/>
        <line num="104" count="0" type="cond" truecount="0" falsecount="2"/>
        <line num="105" count="0" type="stmt"/>
        <line num="106" count="0" type="stmt"/>
        <line num="108" count="0" type="cond" truecount="0" falsecount="4"/>
        <line num="109" count="0" type="stmt"/>
        <line num="110" count="0" type="cond" truecount="0" falsecount="2"/>
        <line num="111" count="0" type="stmt"/>
        <line num="121" count="0" type="stmt"/>
        <line num="123" count="0" type="cond" truecount="0" falsecount="4"/>
        <line num="124" count="0" type="stmt"/>
        <line num="125" count="0" type="cond" truecount="0" falsecount="2"/>
        <line num="126" count="0" type="stmt"/>
        <line num="136" count="0" type="stmt"/>
        <line num="147" count="1" type="stmt"/>
        <line num="148" count="1" type="cond" truecount="1" falsecount="1"/>
        <line num="149" count="0" type="stmt"/>
        <line num="154" count="1" type="stmt"/>
        <line num="157" count="1" type="stmt"/>
        <line num="158" count="1" type="cond" truecount="1" falsecount="1"/>
        <line num="160" count="0" type="stmt"/>
        <line num="162" count="0" type="cond" truecount="0" falsecount="2"/>
        <line num="164" count="0" type="stmt"/>
      </file>
    </package>
    <package name="store">
      <metrics statements="17" coveredstatements="15" conditionals="0" coveredconditionals="0" methods="16" coveredmethods="14"/>
      <file name="app.store.ts" path="C:\Projects\financial-tracker\src\store\app.store.ts">
        <metrics statements="12" coveredstatements="10" conditionals="0" coveredconditionals="0" methods="11" coveredmethods="9"/>
        <line num="28" count="3" type="stmt"/>
        <line num="30" count="3" type="stmt"/>
        <line num="40" count="1" type="stmt"/>
        <line num="41" count="1" type="stmt"/>
        <line num="42" count="1" type="stmt"/>
        <line num="43" count="0" type="stmt"/>
        <line num="44" count="1" type="stmt"/>
        <line num="45" count="1" type="stmt"/>
        <line num="46" count="1" type="stmt"/>
        <line num="47" count="0" type="stmt"/>
        <line num="51" count="3" type="stmt"/>
        <line num="53" count="12" type="stmt"/>
      </file>
      <file name="auth.store.ts" path="C:\Projects\financial-tracker\src\store\auth.store.ts">
        <metrics statements="5" coveredstatements="5" conditionals="0" coveredconditionals="0" methods="5" coveredmethods="5"/>
        <line num="16" count="2" type="stmt"/>
        <line num="23" count="8" type="stmt"/>
        <line num="26" count="2" type="stmt"/>
        <line num="28" count="1" type="stmt"/>
        <line num="29" count="3" type="stmt"/>
      </file>
    </package>
    <package name="theme">
      <metrics statements="61" coveredstatements="41" conditionals="16" coveredconditionals="2" methods="9" coveredmethods="2"/>
      <file name="borderRadius.ts" path="C:\Projects\financial-tracker\src\theme\borderRadius.ts">
        <metrics statements="1" coveredstatements="1" conditionals="0" coveredconditionals="0" methods="0" coveredmethods="0"/>
        <line num="20" count="1" type="stmt"/>
      </file>
      <file name="colors.ts" path="C:\Projects\financial-tracker\src\theme\colors.ts">
        <metrics statements="3" coveredstatements="3" conditionals="0" coveredconditionals="0" methods="0" coveredmethods="0"/>
        <line num="21" count="1" type="stmt"/>
        <line num="41" count="1" type="stmt"/>
        <line num="149" count="1" type="stmt"/>
      </file>
      <file name="index.ts" path="C:\Projects\financial-tracker\src\theme\index.ts">
        <metrics statements="43" coveredstatements="25" conditionals="10" coveredconditionals="0" methods="6" coveredmethods="0"/>
        <line num="50" count="1" type="stmt"/>
        <line num="117" count="1" type="stmt"/>
        <line num="167" count="1" type="stmt"/>
        <line num="187" count="1" type="stmt"/>
        <line num="224" count="1" type="stmt"/>
        <line num="232" count="1" type="stmt"/>
        <line num="255" count="1" type="stmt"/>
        <line num="288" count="1" type="stmt"/>
        <line num="301" count="1" type="stmt"/>
        <line num="319" count="1" type="stmt"/>
        <line num="327" count="1" type="stmt"/>
        <line num="345" count="1" type="stmt"/>
        <line num="353" count="1" type="stmt"/>
        <line num="370" count="1" type="stmt"/>
        <line num="389" count="1" type="stmt"/>
        <line num="404" count="1" type="stmt"/>
        <line num="412" count="1" type="stmt"/>
        <line num="457" count="1" type="stmt"/>
        <line num="471" count="1" type="stmt"/>
        <line num="482" count="1" type="stmt"/>
        <line num="501" count="1" type="stmt"/>
        <line num="519" count="1" type="stmt"/>
        <line num="554" count="1" type="stmt"/>
        <line num="561" count="1" type="stmt"/>
        <line num="594" count="0" type="stmt"/>
        <line num="595" count="0" type="cond" truecount="0" falsecount="2"/>
        <line num="596" count="0" type="cond" truecount="0" falsecount="2"/>
        <line num="597" count="0" type="stmt"/>
        <line num="604" count="0" type="stmt"/>
        <line num="605" count="0" type="stmt"/>
        <line num="606" count="0" type="stmt"/>
        <line num="607" count="0" type="stmt"/>
        <line num="608" count="0" type="stmt"/>
        <line num="618" count="0" type="cond" truecount="0" falsecount="2"/>
        <line num="621" count="0" type="stmt"/>
        <line num="628" count="0" type="stmt"/>
        <line num="629" count="0" type="stmt"/>
        <line num="630" count="0" type="stmt"/>
        <line num="631" count="0" type="stmt"/>
        <line num="632" count="0" type="stmt"/>
        <line num="642" count="0" type="cond" truecount="0" falsecount="2"/>
        <line num="649" count="0" type="cond" truecount="0" falsecount="2"/>
        <line num="656" count="1" type="stmt"/>
      </file>
      <file name="shadows.ts" path="C:\Projects\financial-tracker\src\theme\shadows.ts">
        <metrics statements="7" coveredstatements="5" conditionals="6" coveredconditionals="2" methods="3" coveredmethods="2"/>
        <line num="25" count="14" type="cond" truecount="1" falsecount="1"/>
        <line num="26" count="14" type="stmt"/>
        <line num="35" count="0" type="cond" truecount="0" falsecount="2"/>
        <line num="36" count="0" type="stmt"/>
        <line num="46" count="14" type="cond" truecount="1" falsecount="1"/>
        <line num="55" count="1" type="stmt"/>
        <line num="84" count="1" type="stmt"/>
      </file>
      <file name="spacing.ts" path="C:\Projects\financial-tracker\src\theme\spacing.ts">
        <metrics statements="1" coveredstatements="1" conditionals="0" coveredconditionals="0" methods="0" coveredmethods="0"/>
        <line num="11" count="1" type="stmt"/>
      </file>
      <file name="typography.ts" path="C:\Projects\financial-tracker\src\theme\typography.ts">
        <metrics statements="6" coveredstatements="6" conditionals="0" coveredconditionals="0" methods="0" coveredmethods="0"/>
        <line num="23" count="1" type="stmt"/>
        <line num="40" count="1" type="stmt"/>
        <line num="52" count="1" type="stmt"/>
        <line num="69" count="1" type="stmt"/>
        <line num="86" count="1" type="stmt"/>
        <line num="101" count="1" type="stmt"/>
      </file>
    </package>
    <package name="utils">
      <metrics statements="16" coveredstatements="12" conditionals="12" coveredconditionals="12" methods="7" coveredmethods="3"/>
      <file name="currency.ts" path="C:\Projects\financial-tracker\src\utils\currency.ts">
        <metrics statements="16" coveredstatements="12" conditionals="12" coveredconditionals="12" methods="7" coveredmethods="3"/>
        <line num="5" count="1" type="stmt"/>
        <line num="21" count="1" type="stmt"/>
        <line num="28" count="10" type="cond" truecount="2" falsecount="0"/>
        <line num="35" count="4" type="cond" truecount="2" falsecount="0"/>
        <line num="36" count="4" type="stmt"/>
        <line num="47" count="5" type="stmt"/>
        <line num="48" count="5" type="stmt"/>
        <line num="49" count="5" type="cond" truecount="2" falsecount="0"/>
        <line num="50" count="5" type="cond" truecount="2" falsecount="0"/>
        <line num="51" count="4" type="cond" truecount="2" falsecount="0"/>
        <line num="52" count="3" type="cond" truecount="2" falsecount="0"/>
        <line num="53" count="1" type="stmt"/>
        <line num="59" count="0" type="stmt"/>
        <line num="60" count="0" type="stmt"/>
        <line num="63" count="0" type="stmt"/>
        <line num="64" count="0" type="stmt"/>
      </file>
    </package>
  </project>
</coverage>
