{"C:\\Projects\\financial-tracker\\src\\hooks\\queries\\useBudgets.ts": {"path":"C:\\Projects\\financial-tracker\\src\\hooks\\queries\\useBudgets.ts","statementMap":{"0":{"start":{"line":4,"column":27},"end":{"line":4,"column":47}},"1":{"start":{"line":7,"column":14},"end":{"line":7,"column":83}},"2":{"start":{"line":8,"column":2},"end":{"line":12,"column":5}},"3":{"start":{"line":10,"column":20},"end":{"line":10,"column":43}}},"fnMap":{"0":{"name":"useBudgets","decl":{"start":{"line":6,"column":16},"end":{"line":6,"column":26}},"loc":{"start":{"line":6,"column":58},"end":{"line":13,"column":1}},"line":6},"1":{"name":"(anonymous_1)","decl":{"start":{"line":10,"column":14},"end":{"line":10,"column":15}},"loc":{"start":{"line":10,"column":20},"end":{"line":10,"column":43}},"line":10}},"branchMap":{"0":{"loc":{"start":{"line":7,"column":14},"end":{"line":7,"column":83}},"type":"cond-expr","locations":[{"start":{"line":7,"column":35},"end":{"line":7,"column":64}},{"start":{"line":7,"column":67},"end":{"line":7,"column":83}}],"line":7}},"s":{"0":1,"1":5,"2":5,"3":3},"f":{"0":5,"1":3},"b":{"0":[1,4]},"_coverageSchema":"1a1c01bbd47fc00a2c39e90264f33305004495a9","hash":"bfc911a9631ef439e10c1fd344ee49e84fa6f006"}
,"C:\\Projects\\financial-tracker\\src\\hooks\\ui\\useTheme.ts": {"path":"C:\\Projects\\financial-tracker\\src\\hooks\\ui\\useTheme.ts","statementMap":{"0":{"start":{"line":15,"column":2},"end":{"line":15,"column":42}},"1":{"start":{"line":15,"column":30},"end":{"line":15,"column":42}},"2":{"start":{"line":16,"column":2},"end":{"line":16,"column":43}},"3":{"start":{"line":16,"column":30},"end":{"line":16,"column":43}},"4":{"start":{"line":17,"column":2},"end":{"line":17,"column":20}},"5":{"start":{"line":21,"column":23},"end":{"line":21,"column":39}},"6":{"start":{"line":22,"column":23},"end":{"line":22,"column":46}},"7":{"start":{"line":23,"column":23},"end":{"line":23,"column":58}},"8":{"start":{"line":23,"column":40},"end":{"line":23,"column":57}},"9":{"start":{"line":24,"column":23},"end":{"line":24,"column":51}},"10":{"start":{"line":26,"column":17},"end":{"line":26,"column":54}},"11":{"start":{"line":27,"column":2},"end":{"line":27,"column":41}}},"fnMap":{"0":{"name":"resolveIsDark","decl":{"start":{"line":14,"column":16},"end":{"line":14,"column":29}},"loc":{"start":{"line":14,"column":89},"end":{"line":18,"column":1}},"line":14},"1":{"name":"useTheme","decl":{"start":{"line":20,"column":16},"end":{"line":20,"column":24}},"loc":{"start":{"line":20,"column":70},"end":{"line":28,"column":1}},"line":20},"2":{"name":"(anonymous_2)","decl":{"start":{"line":23,"column":35},"end":{"line":23,"column":36}},"loc":{"start":{"line":23,"column":40},"end":{"line":23,"column":57}},"line":23}},"branchMap":{"0":{"loc":{"start":{"line":15,"column":2},"end":{"line":15,"column":42}},"type":"if","locations":[{"start":{"line":15,"column":2},"end":{"line":15,"column":42}},{"start":{},"end":{}}],"line":15},"1":{"loc":{"start":{"line":16,"column":2},"end":{"line":16,"column":43}},"type":"if","locations":[{"start":{"line":16,"column":2},"end":{"line":16,"column":43}},{"start":{},"end":{}}],"line":16},"2":{"loc":{"start":{"line":24,"column":23},"end":{"line":24,"column":51}},"type":"binary-expr","locations":[{"start":{"line":24,"column":23},"end":{"line":24,"column":41}},{"start":{"line":24,"column":45},"end":{"line":24,"column":51}}],"line":24},"3":{"loc":{"start":{"line":27,"column":9},"end":{"line":27,"column":40}},"type":"cond-expr","locations":[{"start":{"line":27,"column":18},"end":{"line":27,"column":27}},{"start":{"line":27,"column":30},"end":{"line":27,"column":40}}],"line":27}},"s":{"0":6,"1":2,"2":4,"3":2,"4":2,"5":0,"6":0,"7":0,"8":0,"9":0,"10":0,"11":0},"f":{"0":6,"1":0,"2":0},"b":{"0":[2,4],"1":[2,2],"2":[0,0],"3":[0,0]},"_coverageSchema":"1a1c01bbd47fc00a2c39e90264f33305004495a9","hash":"2be3fe330d302a373ab667d7135b633c55ac51f9"}
,"C:\\Projects\\financial-tracker\\src\\services\\notifications.service.ts": {"path":"C:\\Projects\\financial-tracker\\src\\services\\notifications.service.ts","statementMap":{"0":{"start":{"line":10,"column":19},"end":{"line":10,"column":86}},"1":{"start":{"line":13,"column":29},"end":{"line":13,"column":33}},"2":{"start":{"line":16,"column":2},"end":{"line":16,"column":30}},"3":{"start":{"line":16,"column":18},"end":{"line":16,"column":30}},"4":{"start":{"line":17,"column":2},"end":{"line":29,"column":3}},"5":{"start":{"line":19,"column":4},"end":{"line":19,"column":54}},"6":{"start":{"line":20,"column":4},"end":{"line":28,"column":7}},"7":{"start":{"line":21,"column":39},"end":{"line":27,"column":7}},"8":{"start":{"line":30,"column":2},"end":{"line":30,"column":17}},"9":{"start":{"line":36,"column":12},"end":{"line":36,"column":23}},"10":{"start":{"line":37,"column":2},"end":{"line":37,"column":22}},"11":{"start":{"line":37,"column":10},"end":{"line":37,"column":22}},"12":{"start":{"line":39,"column":31},"end":{"line":39,"column":60}},"13":{"start":{"line":40,"column":20},"end":{"line":40,"column":28}},"14":{"start":{"line":42,"column":2},"end":{"line":45,"column":3}},"15":{"start":{"line":43,"column":23},"end":{"line":43,"column":56}},"16":{"start":{"line":44,"column":4},"end":{"line":44,"column":25}},"17":{"start":{"line":47,"column":2},"end":{"line":47,"column":45}},"18":{"start":{"line":47,"column":33},"end":{"line":47,"column":45}},"19":{"start":{"line":49,"column":2},"end":{"line":60,"column":3}},"20":{"start":{"line":50,"column":4},"end":{"line":55,"column":7}},"21":{"start":{"line":56,"column":4},"end":{"line":59,"column":7}},"22":{"start":{"line":62,"column":2},"end":{"line":67,"column":3}},"23":{"start":{"line":63,"column":21},"end":{"line":63,"column":52}},"24":{"start":{"line":64,"column":4},"end":{"line":64,"column":16}},"25":{"start":{"line":66,"column":4},"end":{"line":66,"column":16}},"26":{"start":{"line":71,"column":29},"end":{"line":71,"column":58}},"27":{"start":{"line":72,"column":2},"end":{"line":72,"column":20}},"28":{"start":{"line":72,"column":13},"end":{"line":72,"column":20}},"29":{"start":{"line":73,"column":2},"end":{"line":78,"column":6}},"30":{"start":{"line":85,"column":21},"end":{"line":85,"column":35}},"31":{"start":{"line":88,"column":2},"end":{"line":88,"column":66}},"32":{"start":{"line":92,"column":2},"end":{"line":92,"column":54}},"33":{"start":{"line":100,"column":12},"end":{"line":100,"column":23}},"34":{"start":{"line":101,"column":2},"end":{"line":101,"column":17}},"35":{"start":{"line":101,"column":10},"end":{"line":101,"column":17}},"36":{"start":{"line":103,"column":2},"end":{"line":139,"column":3}},"37":{"start":{"line":104,"column":4},"end":{"line":104,"column":36}},"38":{"start":{"line":104,"column":27},"end":{"line":104,"column":36}},"39":{"start":{"line":105,"column":18},"end":{"line":105,"column":45}},"40":{"start":{"line":106,"column":21},"end":{"line":106,"column":53}},"41":{"start":{"line":108,"column":4},"end":{"line":138,"column":5}},"42":{"start":{"line":109,"column":18},"end":{"line":109,"column":48}},"43":{"start":{"line":110,"column":6},"end":{"line":122,"column":7}},"44":{"start":{"line":111,"column":8},"end":{"line":120,"column":11}},"45":{"start":{"line":121,"column":8},"end":{"line":121,"column":29}},"46":{"start":{"line":123,"column":11},"end":{"line":138,"column":5}},"47":{"start":{"line":124,"column":18},"end":{"line":124,"column":47}},"48":{"start":{"line":125,"column":6},"end":{"line":137,"column":7}},"49":{"start":{"line":126,"column":8},"end":{"line":135,"column":11}},"50":{"start":{"line":136,"column":8},"end":{"line":136,"column":29}},"51":{"start":{"line":147,"column":12},"end":{"line":147,"column":23}},"52":{"start":{"line":148,"column":2},"end":{"line":148,"column":38}},"53":{"start":{"line":148,"column":10},"end":{"line":148,"column":38}},"54":{"start":{"line":149,"column":2},"end":{"line":149,"column":61}},"55":{"start":{"line":154,"column":26},"end":{"line":154,"column":49}},"56":{"start":{"line":157,"column":12},"end":{"line":157,"column":23}},"57":{"start":{"line":158,"column":2},"end":{"line":158,"column":17}},"58":{"start":{"line":158,"column":10},"end":{"line":158,"column":17}},"59":{"start":{"line":160,"column":2},"end":{"line":160,"column":62}},"60":{"start":{"line":162,"column":2},"end":{"line":162,"column":23}},"61":{"start":{"line":162,"column":16},"end":{"line":162,"column":23}},"62":{"start":{"line":164,"column":2},"end":{"line":178,"column":5}}},"fnMap":{"0":{"name":"getNotifs","decl":{"start":{"line":15,"column":9},"end":{"line":15,"column":18}},"loc":{"start":{"line":15,"column":36},"end":{"line":31,"column":1}},"line":15},"1":{"name":"(anonymous_1)","decl":{"start":{"line":21,"column":26},"end":{"line":21,"column":27}},"loc":{"start":{"line":21,"column":39},"end":{"line":27,"column":7}},"line":21},"2":{"name":"requestPermissionsAndGetToken","decl":{"start":{"line":35,"column":22},"end":{"line":35,"column":51}},"loc":{"start":{"line":35,"column":78},"end":{"line":68,"column":1}},"line":35},"3":{"name":"savePushToken","decl":{"start":{"line":70,"column":22},"end":{"line":70,"column":35}},"loc":{"start":{"line":70,"column":66},"end":{"line":79,"column":1}},"line":70},"4":{"name":"wasAlreadyFired","decl":{"start":{"line":87,"column":15},"end":{"line":87,"column":30}},"loc":{"start":{"line":87,"column":62},"end":{"line":89,"column":1}},"line":87},"5":{"name":"markFired","decl":{"start":{"line":91,"column":15},"end":{"line":91,"column":24}},"loc":{"start":{"line":91,"column":53},"end":{"line":93,"column":1}},"line":91},"6":{"name":"checkBudgetThresholds","decl":{"start":{"line":95,"column":22},"end":{"line":95,"column":43}},"loc":{"start":{"line":99,"column":17},"end":{"line":140,"column":1}},"line":99},"7":{"name":"addResponseListener","decl":{"start":{"line":144,"column":16},"end":{"line":144,"column":35}},"loc":{"start":{"line":146,"column":26},"end":{"line":150,"column":1}},"line":146},"8":{"name":"(anonymous_8)","decl":{"start":{"line":148,"column":27},"end":{"line":148,"column":28}},"loc":{"start":{"line":148,"column":33},"end":{"line":148,"column":35}},"line":148},"9":{"name":"syncWeeklySummary","decl":{"start":{"line":156,"column":22},"end":{"line":156,"column":39}},"loc":{"start":{"line":156,"column":73},"end":{"line":179,"column":1}},"line":156}},"branchMap":{"0":{"loc":{"start":{"line":16,"column":2},"end":{"line":16,"column":30}},"type":"if","locations":[{"start":{"line":16,"column":2},"end":{"line":16,"column":30}},{"start":{},"end":{}}],"line":16},"1":{"loc":{"start":{"line":17,"column":2},"end":{"line":29,"column":3}},"type":"if","locations":[{"start":{"line":17,"column":2},"end":{"line":29,"column":3}},{"start":{},"end":{}}],"line":17},"2":{"loc":{"start":{"line":37,"column":2},"end":{"line":37,"column":22}},"type":"if","locations":[{"start":{"line":37,"column":2},"end":{"line":37,"column":22}},{"start":{},"end":{}}],"line":37},"3":{"loc":{"start":{"line":42,"column":2},"end":{"line":45,"column":3}},"type":"if","locations":[{"start":{"line":42,"column":2},"end":{"line":45,"column":3}},{"start":{},"end":{}}],"line":42},"4":{"loc":{"start":{"line":47,"column":2},"end":{"line":47,"column":45}},"type":"if","locations":[{"start":{"line":47,"column":2},"end":{"line":47,"column":45}},{"start":{},"end":{}}],"line":47},"5":{"loc":{"start":{"line":49,"column":2},"end":{"line":60,"column":3}},"type":"if","locations":[{"start":{"line":49,"column":2},"end":{"line":60,"column":3}},{"start":{},"end":{}}],"line":49},"6":{"loc":{"start":{"line":72,"column":2},"end":{"line":72,"column":20}},"type":"if","locations":[{"start":{"line":72,"column":2},"end":{"line":72,"column":20}},{"start":{},"end":{}}],"line":72},"7":{"loc":{"start":{"line":101,"column":2},"end":{"line":101,"column":17}},"type":"if","locations":[{"start":{"line":101,"column":2},"end":{"line":101,"column":17}},{"start":{},"end":{}}],"line":101},"8":{"loc":{"start":{"line":104,"column":4},"end":{"line":104,"column":36}},"type":"if","locations":[{"start":{"line":104,"column":4},"end":{"line":104,"column":36}},{"start":{},"end":{}}],"line":104},"9":{"loc":{"start":{"line":108,"column":4},"end":{"line":138,"column":5}},"type":"if","locations":[{"start":{"line":108,"column":4},"end":{"line":138,"column":5}},{"start":{"line":123,"column":11},"end":{"line":138,"column":5}}],"line":108},"10":{"loc":{"start":{"line":108,"column":8},"end":{"line":108,"column":37}},"type":"binary-expr","locations":[{"start":{"line":108,"column":8},"end":{"line":108,"column":23}},{"start":{"line":108,"column":27},"end":{"line":108,"column":37}}],"line":108},"11":{"loc":{"start":{"line":110,"column":6},"end":{"line":122,"column":7}},"type":"if","locations":[{"start":{"line":110,"column":6},"end":{"line":122,"column":7}},{"start":{},"end":{}}],"line":110},"12":{"loc":{"start":{"line":123,"column":11},"end":{"line":138,"column":5}},"type":"if","locations":[{"start":{"line":123,"column":11},"end":{"line":138,"column":5}},{"start":{},"end":{}}],"line":123},"13":{"loc":{"start":{"line":123,"column":15},"end":{"line":123,"column":45}},"type":"binary-expr","locations":[{"start":{"line":123,"column":15},"end":{"line":123,"column":29}},{"start":{"line":123,"column":33},"end":{"line":123,"column":45}}],"line":123},"14":{"loc":{"start":{"line":125,"column":6},"end":{"line":137,"column":7}},"type":"if","locations":[{"start":{"line":125,"column":6},"end":{"line":137,"column":7}},{"start":{},"end":{}}],"line":125},"15":{"loc":{"start":{"line":148,"column":2},"end":{"line":148,"column":38}},"type":"if","locations":[{"start":{"line":148,"column":2},"end":{"line":148,"column":38}},{"start":{},"end":{}}],"line":148},"16":{"loc":{"start":{"line":158,"column":2},"end":{"line":158,"column":17}},"type":"if","locations":[{"start":{"line":158,"column":2},"end":{"line":158,"column":17}},{"start":{},"end":{}}],"line":158},"17":{"loc":{"start":{"line":162,"column":2},"end":{"line":162,"column":23}},"type":"if","locations":[{"start":{"line":162,"column":2},"end":{"line":162,"column":23}},{"start":{},"end":{}}],"line":162}},"s":{"0":1,"1":1,"2":4,"3":4,"4":0,"5":0,"6":0,"7":0,"8":0,"9":1,"10":1,"11":1,"12":0,"13":0,"14":0,"15":0,"16":0,"17":0,"18":0,"19":0,"20":0,"21":0,"22":0,"23":0,"24":0,"25":0,"26":0,"27":0,"28":0,"29":0,"30":1,"31":0,"32":0,"33":1,"34":1,"35":1,"36":0,"37":0,"38":0,"39":0,"40":0,"41":0,"42":0,"43":0,"44":0,"45":0,"46":0,"47":0,"48":0,"49":0,"50":0,"51":1,"52":1,"53":1,"54":0,"55":1,"56":1,"57":1,"58":1,"59":0,"60":0,"61":0,"62":0},"f":{"0":4,"1":0,"2":1,"3":0,"4":0,"5":0,"6":1,"7":1,"8":1,"9":1},"b":{"0":[4,0],"1":[0,0],"2":[1,0],"3":[0,0],"4":[0,0],"5":[0,0],"6":[0,0],"7":[1,0],"8":[0,0],"9":[0,0],"10":[0,0],"11":[0,0],"12":[0,0],"13":[0,0],"14":[0,0],"15":[1,0],"16":[1,0],"17":[0,0]},"_coverageSchema":"1a1c01bbd47fc00a2c39e90264f33305004495a9","hash":"3b019559cd53d27b319ac6c269d4c134ff2375ea"}
,"C:\\Projects\\financial-tracker\\src\\store\\app.store.ts": {"path":"C:\\Projects\\financial-tracker\\src\\store\\app.store.ts","statementMap":{"0":{"start":{"line":28,"column":27},"end":{"line":64,"column":1}},"1":{"start":{"line":30,"column":14},"end":{"line":48,"column":5}},"2":{"start":{"line":40,"column":57},"end":{"line":40,"column":81}},"3":{"start":{"line":41,"column":57},"end":{"line":41,"column":74}},"4":{"start":{"line":42,"column":57},"end":{"line":42,"column":86}},"5":{"start":{"line":43,"column":57},"end":{"line":43,"column":82}},"6":{"start":{"line":44,"column":57},"end":{"line":44,"column":85}},"7":{"start":{"line":45,"column":57},"end":{"line":45,"column":80}},"8":{"start":{"line":46,"column":57},"end":{"line":46,"column":81}},"9":{"start":{"line":47,"column":57},"end":{"line":47,"column":86}},"10":{"start":{"line":51,"column":39},"end":{"line":51,"column":51}},"11":{"start":{"line":53,"column":30},"end":{"line":61,"column":7}}},"fnMap":{"0":{"name":"(anonymous_0)","decl":{"start":{"line":30,"column":4},"end":{"line":30,"column":5}},"loc":{"start":{"line":30,"column":14},"end":{"line":48,"column":5}},"line":30},"1":{"name":"(anonymous_1)","decl":{"start":{"line":40,"column":31},"end":{"line":40,"column":32}},"loc":{"start":{"line":40,"column":57},"end":{"line":40,"column":81}},"line":40},"2":{"name":"(anonymous_2)","decl":{"start":{"line":41,"column":31},"end":{"line":41,"column":32}},"loc":{"start":{"line":41,"column":57},"end":{"line":41,"column":74}},"line":41},"3":{"name":"(anonymous_3)","decl":{"start":{"line":42,"column":31},"end":{"line":42,"column":32}},"loc":{"start":{"line":42,"column":57},"end":{"line":42,"column":86}},"line":42},"4":{"name":"(anonymous_4)","decl":{"start":{"line":43,"column":31},"end":{"line":43,"column":32}},"loc":{"start":{"line":43,"column":57},"end":{"line":43,"column":82}},"line":43},"5":{"name":"(anonymous_5)","decl":{"start":{"line":44,"column":31},"end":{"line":44,"column":32}},"loc":{"start":{"line":44,"column":57},"end":{"line":44,"column":85}},"line":44},"6":{"name":"(anonymous_6)","decl":{"start":{"line":45,"column":31},"end":{"line":45,"column":32}},"loc":{"start":{"line":45,"column":57},"end":{"line":45,"column":80}},"line":45},"7":{"name":"(anonymous_7)","decl":{"start":{"line":46,"column":31},"end":{"line":46,"column":32}},"loc":{"start":{"line":46,"column":57},"end":{"line":46,"column":81}},"line":46},"8":{"name":"(anonymous_8)","decl":{"start":{"line":47,"column":31},"end":{"line":47,"column":32}},"loc":{"start":{"line":47,"column":57},"end":{"line":47,"column":86}},"line":47},"9":{"name":"(anonymous_9)","decl":{"start":{"line":51,"column":33},"end":{"line":51,"column":34}},"loc":{"start":{"line":51,"column":39},"end":{"line":51,"column":51}},"line":51},"10":{"name":"(anonymous_10)","decl":{"start":{"line":53,"column":18},"end":{"line":53,"column":19}},"loc":{"start":{"line":53,"column":30},"end":{"line":61,"column":7}},"line":53}},"branchMap":{},"s":{"0":3,"1":3,"2":1,"3":1,"4":1,"5":0,"6":1,"7":1,"8":1,"9":0,"10":3,"11":12},"f":{"0":3,"1":1,"2":1,"3":1,"4":0,"5":1,"6":1,"7":1,"8":0,"9":3,"10":12},"b":{},"_coverageSchema":"1a1c01bbd47fc00a2c39e90264f33305004495a9","hash":"881f00102ce917a9e9a1bfdbe51efb4b22e41081"}
,"C:\\Projects\\financial-tracker\\src\\store\\auth.store.ts": {"path":"C:\\Projects\\financial-tracker\\src\\store\\auth.store.ts","statementMap":{"0":{"start":{"line":16,"column":28},"end":{"line":30,"column":3}},"1":{"start":{"line":16,"column":58},"end":{"line":30,"column":1}},"2":{"start":{"line":23,"column":4},"end":{"line":23,"column":62}},"3":{"start":{"line":26,"column":4},"end":{"line":26,"column":60}},"4":{"start":{"line":28,"column":29},"end":{"line":28,"column":47}},"5":{"start":{"line":29,"column":29},"end":{"line":29,"column":43}}},"fnMap":{"0":{"name":"(anonymous_0)","decl":{"start":{"line":16,"column":48},"end":{"line":16,"column":49}},"loc":{"start":{"line":16,"column":58},"end":{"line":30,"column":1}},"line":16},"1":{"name":"(anonymous_1)","decl":{"start":{"line":22,"column":14},"end":{"line":22,"column":15}},"loc":{"start":{"line":23,"column":4},"end":{"line":23,"column":62}},"line":23},"2":{"name":"(anonymous_2)","decl":{"start":{"line":25,"column":13},"end":{"line":25,"column":14}},"loc":{"start":{"line":26,"column":4},"end":{"line":26,"column":60}},"line":26},"3":{"name":"(anonymous_3)","decl":{"start":{"line":28,"column":14},"end":{"line":28,"column":15}},"loc":{"start":{"line":28,"column":29},"end":{"line":28,"column":47}},"line":28},"4":{"name":"(anonymous_4)","decl":{"start":{"line":29,"column":14},"end":{"line":29,"column":15}},"loc":{"start":{"line":29,"column":29},"end":{"line":29,"column":43}},"line":29}},"branchMap":{},"s":{"0":2,"1":2,"2":8,"3":2,"4":1,"5":3},"f":{"0":2,"1":8,"2":2,"3":1,"4":3},"b":{},"_coverageSchema":"1a1c01bbd47fc00a2c39e90264f33305004495a9","hash":"0ead0c1d9796d44b83779b1f27117b078004e3f9"}
,"C:\\Projects\\financial-tracker\\src\\theme\\borderRadius.ts": {"path":"C:\\Projects\\financial-tracker\\src\\theme\\borderRadius.ts","statementMap":{"0":{"start":{"line":20,"column":28},"end":{"line":31,"column":10}}},"fnMap":{},"branchMap":{},"s":{"0":1},"f":{},"b":{},"_coverageSchema":"1a1c01bbd47fc00a2c39e90264f33305004495a9","hash":"5443a98b9fa8bc6d96951bf30ec3d19b92e18708"}
,"C:\\Projects\\financial-tracker\\src\\theme\\colors.ts": {"path":"C:\\Projects\\financial-tracker\\src\\theme\\colors.ts","statementMap":{"0":{"start":{"line":21,"column":30},"end":{"line":33,"column":10}},"1":{"start":{"line":41,"column":27},"end":{"line":143,"column":10}},"2":{"start":{"line":149,"column":26},"end":{"line":251,"column":10}}},"fnMap":{},"branchMap":{},"s":{"0":1,"1":1,"2":1},"f":{},"b":{},"_coverageSchema":"1a1c01bbd47fc00a2c39e90264f33305004495a9","hash":"ecec92d6fbb243da24ff72182af7a951a9d53edf"}
,"C:\\Projects\\financial-tracker\\src\\theme\\index.ts": {"path":"C:\\Projects\\financial-tracker\\src\\theme\\index.ts","statementMap":{"0":{"start":{"line":50,"column":22},"end":{"line":111,"column":10}},"1":{"start":{"line":117,"column":25},"end":{"line":156,"column":10}},"2":{"start":{"line":167,"column":35},"end":{"line":173,"column":87}},"3":{"start":{"line":187,"column":4},"end":{"line":218,"column":10}},"4":{"start":{"line":224,"column":32},"end":{"line":230,"column":93}},"5":{"start":{"line":232,"column":31},"end":{"line":246,"column":10}},"6":{"start":{"line":255,"column":4},"end":{"line":284,"column":10}},"7":{"start":{"line":288,"column":26},"end":{"line":297,"column":10}},"8":{"start":{"line":301,"column":33},"end":{"line":310,"column":10}},"9":{"start":{"line":319,"column":4},"end":{"line":323,"column":10}},"10":{"start":{"line":327,"column":27},"end":{"line":336,"column":10}},"11":{"start":{"line":345,"column":4},"end":{"line":349,"column":10}},"12":{"start":{"line":353,"column":33},"end":{"line":366,"column":10}},"13":{"start":{"line":370,"column":28},"end":{"line":383,"column":10}},"14":{"start":{"line":389,"column":27},"end":{"line":400,"column":10}},"15":{"start":{"line":404,"column":30},"end":{"line":408,"column":10}},"16":{"start":{"line":412,"column":27},"end":{"line":453,"column":10}},"17":{"start":{"line":457,"column":32},"end":{"line":465,"column":10}},"18":{"start":{"line":471,"column":27},"end":{"line":476,"column":10}},"19":{"start":{"line":482,"column":23},"end":{"line":495,"column":10}},"20":{"start":{"line":501,"column":22},"end":{"line":513,"column":10}},"21":{"start":{"line":519,"column":21},"end":{"line":552,"column":10}},"22":{"start":{"line":554,"column":26},"end":{"line":559,"column":1}},"23":{"start":{"line":561,"column":25},"end":{"line":566,"column":1}},"24":{"start":{"line":594,"column":30},"end":{"line":594,"column":58}},"25":{"start":{"line":595,"column":2},"end":{"line":595,"column":47}},"26":{"start":{"line":595,"column":25},"end":{"line":595,"column":47}},"27":{"start":{"line":596,"column":2},"end":{"line":596,"column":47}},"28":{"start":{"line":596,"column":25},"end":{"line":596,"column":47}},"29":{"start":{"line":597,"column":2},"end":{"line":597,"column":31}},"30":{"start":{"line":604,"column":14},"end":{"line":604,"column":38}},"31":{"start":{"line":605,"column":14},"end":{"line":605,"column":43}},"32":{"start":{"line":606,"column":14},"end":{"line":606,"column":43}},"33":{"start":{"line":607,"column":14},"end":{"line":607,"column":43}},"34":{"start":{"line":608,"column":2},"end":{"line":608,"column":50}},"35":{"start":{"line":618,"column":20},"end":{"line":620,"column":34}},"36":{"start":{"line":621,"column":2},"end":{"line":621,"column":45}},"37":{"start":{"line":628,"column":12},"end":{"line":628,"column":41}},"38":{"start":{"line":629,"column":12},"end":{"line":629,"column":41}},"39":{"start":{"line":630,"column":12},"end":{"line":630,"column":41}},"40":{"start":{"line":631,"column":12},"end":{"line":631,"column":67}},"41":{"start":{"line":632,"column":2},"end":{"line":632,"column":37}},"42":{"start":{"line":642,"column":2},"end":{"line":642,"column":60}},"43":{"start":{"line":649,"column":2},"end":{"line":649,"column":39}},"44":{"start":{"line":656,"column":15},"end":{"line":656,"column":62}}},"fnMap":{"0":{"name":"getProgressColor","decl":{"start":{"line":590,"column":16},"end":{"line":590,"column":32}},"loc":{"start":{"line":593,"column":10},"end":{"line":598,"column":1}},"line":593},"1":{"name":"getCategoryBgColor","decl":{"start":{"line":603,"column":16},"end":{"line":603,"column":34}},"loc":{"start":{"line":603,"column":66},"end":{"line":609,"column":1}},"line":603},"2":{"name":"getAccountCardGradient","decl":{"start":{"line":614,"column":16},"end":{"line":614,"column":38}},"loc":{"start":{"line":617,"column":20},"end":{"line":622,"column":1}},"line":617},"3":{"name":"withOpacity","decl":{"start":{"line":627,"column":16},"end":{"line":627,"column":27}},"loc":{"start":{"line":627,"column":64},"end":{"line":633,"column":1}},"line":627},"4":{"name":"getAmountColor","decl":{"start":{"line":638,"column":16},"end":{"line":638,"column":30}},"loc":{"start":{"line":641,"column":10},"end":{"line":643,"column":1}},"line":641},"5":{"name":"getAmountPrefix","decl":{"start":{"line":648,"column":16},"end":{"line":648,"column":31}},"loc":{"start":{"line":648,"column":68},"end":{"line":650,"column":1}},"line":648}},"branchMap":{"0":{"loc":{"start":{"line":595,"column":2},"end":{"line":595,"column":47}},"type":"if","locations":[{"start":{"line":595,"column":2},"end":{"line":595,"column":47}},{"start":{},"end":{}}],"line":595},"1":{"loc":{"start":{"line":596,"column":2},"end":{"line":596,"column":47}},"type":"if","locations":[{"start":{"line":596,"column":2},"end":{"line":596,"column":47}},{"start":{},"end":{}}],"line":596},"2":{"loc":{"start":{"line":618,"column":20},"end":{"line":620,"column":34}},"type":"cond-expr","locations":[{"start":{"line":619,"column":6},"end":{"line":619,"column":33}},{"start":{"line":620,"column":6},"end":{"line":620,"column":34}}],"line":618},"3":{"loc":{"start":{"line":642,"column":9},"end":{"line":642,"column":59}},"type":"cond-expr","locations":[{"start":{"line":642,"column":29},"end":{"line":642,"column":42}},{"start":{"line":642,"column":45},"end":{"line":642,"column":59}}],"line":642},"4":{"loc":{"start":{"line":649,"column":9},"end":{"line":649,"column":38}},"type":"cond-expr","locations":[{"start":{"line":649,"column":29},"end":{"line":649,"column":32}},{"start":{"line":649,"column":35},"end":{"line":649,"column":38}}],"line":649}},"s":{"0":1,"1":1,"2":1,"3":1,"4":1,"5":1,"6":1,"7":1,"8":1,"9":1,"10":1,"11":1,"12":1,"13":1,"14":1,"15":1,"16":1,"17":1,"18":1,"19":1,"20":1,"21":1,"22":1,"23":1,"24":0,"25":0,"26":0,"27":0,"28":0,"29":0,"30":0,"31":0,"32":0,"33":0,"34":0,"35":0,"36":0,"37":0,"38":0,"39":0,"40":0,"41":0,"42":0,"43":0,"44":1},"f":{"0":0,"1":0,"2":0,"3":0,"4":0,"5":0},"b":{"0":[0,0],"1":[0,0],"2":[0,0],"3":[0,0],"4":[0,0]},"_coverageSchema":"1a1c01bbd47fc00a2c39e90264f33305004495a9","hash":"939bc0962a825bc3b6a2b306fbfea029f4277930"}
,"C:\\Projects\\financial-tracker\\src\\theme\\shadows.ts": {"path":"C:\\Projects\\financial-tracker\\src\\theme\\shadows.ts","statementMap":{"0":{"start":{"line":25,"column":2},"end":{"line":25,"column":39}},"1":{"start":{"line":25,"column":29},"end":{"line":25,"column":39}},"2":{"start":{"line":26,"column":2},"end":{"line":31,"column":4}},"3":{"start":{"line":35,"column":2},"end":{"line":35,"column":43}},"4":{"start":{"line":35,"column":33},"end":{"line":35,"column":43}},"5":{"start":{"line":36,"column":2},"end":{"line":36,"column":23}},"6":{"start":{"line":46,"column":2},"end":{"line":48,"column":31}},"7":{"start":{"line":55,"column":28},"end":{"line":78,"column":10}},"8":{"start":{"line":84,"column":27},"end":{"line":100,"column":10}}},"fnMap":{"0":{"name":"iosShadow","decl":{"start":{"line":19,"column":9},"end":{"line":19,"column":18}},"loc":{"start":{"line":24,"column":15},"end":{"line":32,"column":1}},"line":24},"1":{"name":"androidShadow","decl":{"start":{"line":34,"column":9},"end":{"line":34,"column":22}},"loc":{"start":{"line":34,"column":55},"end":{"line":37,"column":1}},"line":34},"2":{"name":"shadow","decl":{"start":{"line":39,"column":9},"end":{"line":39,"column":15}},"loc":{"start":{"line":45,"column":15},"end":{"line":49,"column":1}},"line":45}},"branchMap":{"0":{"loc":{"start":{"line":25,"column":2},"end":{"line":25,"column":39}},"type":"if","locations":[{"start":{"line":25,"column":2},"end":{"line":25,"column":39}},{"start":{},"end":{}}],"line":25},"1":{"loc":{"start":{"line":35,"column":2},"end":{"line":35,"column":43}},"type":"if","locations":[{"start":{"line":35,"column":2},"end":{"line":35,"column":43}},{"start":{},"end":{}}],"line":35},"2":{"loc":{"start":{"line":46,"column":9},"end":{"line":48,"column":30}},"type":"cond-expr","locations":[{"start":{"line":47,"column":6},"end":{"line":47,"column":48}},{"start":{"line":48,"column":6},"end":{"line":48,"column":30}}],"line":46}},"s":{"0":14,"1":0,"2":14,"3":0,"4":0,"5":0,"6":14,"7":1,"8":1},"f":{"0":14,"1":0,"2":14},"b":{"0":[0,14],"1":[0,0],"2":[14,0]},"_coverageSchema":"1a1c01bbd47fc00a2c39e90264f33305004495a9","hash":"72a2ce4bb1c40e13b6a460967a8f9b724abfdad8"}
,"C:\\Projects\\financial-tracker\\src\\theme\\spacing.ts": {"path":"C:\\Projects\\financial-tracker\\src\\theme\\spacing.ts","statementMap":{"0":{"start":{"line":11,"column":23},"end":{"line":38,"column":10}}},"fnMap":{},"branchMap":{},"s":{"0":1},"f":{},"b":{},"_coverageSchema":"1a1c01bbd47fc00a2c39e90264f33305004495a9","hash":"087f04ff6ce22248f22f317162dcb5fd372ee026"}
,"C:\\Projects\\financial-tracker\\src\\theme\\typography.ts": {"path":"C:\\Projects\\financial-tracker\\src\\theme\\typography.ts","statementMap":{"0":{"start":{"line":23,"column":26},"end":{"line":34,"column":10}},"1":{"start":{"line":40,"column":26},"end":{"line":46,"column":10}},"2":{"start":{"line":52,"column":24},"end":{"line":63,"column":10}},"3":{"start":{"line":69,"column":26},"end":{"line":80,"column":10}},"4":{"start":{"line":86,"column":29},"end":{"line":94,"column":10}},"5":{"start":{"line":101,"column":28},"end":{"line":238,"column":10}}},"fnMap":{},"branchMap":{},"s":{"0":1,"1":1,"2":1,"3":1,"4":1,"5":1},"f":{},"b":{},"_coverageSchema":"1a1c01bbd47fc00a2c39e90264f33305004495a9","hash":"722392a8c1cccc2ab9737369c290baade76aeae4"}
,"C:\\Projects\\financial-tracker\\src\\utils\\currency.ts": {"path":"C:\\Projects\\financial-tracker\\src\\utils\\currency.ts","statementMap":{"0":{"start":{"line":5,"column":26},"end":{"line":16,"column":10}},"1":{"start":{"line":21,"column":40},"end":{"line":25,"column":1}},"2":{"start":{"line":28,"column":2},"end":{"line":28,"column":31}},"3":{"start":{"line":35,"column":25},"end":{"line":35,"column":62}},"4":{"start":{"line":36,"column":2},"end":{"line":42,"column":15}},"5":{"start":{"line":47,"column":14},"end":{"line":47,"column":37}},"6":{"start":{"line":48,"column":14},"end":{"line":48,"column":25}},"7":{"start":{"line":49,"column":15},"end":{"line":49,"column":31}},"8":{"start":{"line":50,"column":2},"end":{"line":50,"column":79}},"9":{"start":{"line":50,"column":24},"end":{"line":50,"column":79}},"10":{"start":{"line":51,"column":2},"end":{"line":51,"column":75}},"11":{"start":{"line":51,"column":24},"end":{"line":51,"column":75}},"12":{"start":{"line":52,"column":2},"end":{"line":52,"column":75}},"13":{"start":{"line":52,"column":24},"end":{"line":52,"column":75}},"14":{"start":{"line":53,"column":2},"end":{"line":53,"column":43}},"15":{"start":{"line":59,"column":15},"end":{"line":59,"column":43}},"16":{"start":{"line":59,"column":32},"end":{"line":59,"column":42}},"17":{"start":{"line":60,"column":2},"end":{"line":65,"column":4}},"18":{"start":{"line":63,"column":32},"end":{"line":63,"column":51}},"19":{"start":{"line":64,"column":32},"end":{"line":64,"column":54}}},"fnMap":{"0":{"name":"getCurrencySymbol","decl":{"start":{"line":27,"column":16},"end":{"line":27,"column":33}},"loc":{"start":{"line":27,"column":56},"end":{"line":29,"column":1}},"line":27},"1":{"name":"formatFull","decl":{"start":{"line":34,"column":16},"end":{"line":34,"column":26}},"loc":{"start":{"line":34,"column":60},"end":{"line":43,"column":1}},"line":34},"2":{"name":"formatCompact","decl":{"start":{"line":46,"column":16},"end":{"line":46,"column":29}},"loc":{"start":{"line":46,"column":63},"end":{"line":54,"column":1}},"line":46},"3":{"name":"useCurrency","decl":{"start":{"line":58,"column":16},"end":{"line":58,"column":27}},"loc":{"start":{"line":58,"column":30},"end":{"line":66,"column":1}},"line":58},"4":{"name":"(anonymous_4)","decl":{"start":{"line":59,"column":27},"end":{"line":59,"column":28}},"loc":{"start":{"line":59,"column":32},"end":{"line":59,"column":42}},"line":59},"5":{"name":"(anonymous_5)","decl":{"start":{"line":63,"column":17},"end":{"line":63,"column":18}},"loc":{"start":{"line":63,"column":32},"end":{"line":63,"column":51}},"line":63},"6":{"name":"(anonymous_6)","decl":{"start":{"line":64,"column":17},"end":{"line":64,"column":18}},"loc":{"start":{"line":64,"column":32},"end":{"line":64,"column":54}},"line":64}},"branchMap":{"0":{"loc":{"start":{"line":28,"column":9},"end":{"line":28,"column":30}},"type":"binary-expr","locations":[{"start":{"line":28,"column":9},"end":{"line":28,"column":22}},{"start":{"line":28,"column":26},"end":{"line":28,"column":30}}],"line":28},"1":{"loc":{"start":{"line":35,"column":25},"end":{"line":35,"column":62}},"type":"cond-expr","locations":[{"start":{"line":35,"column":57},"end":{"line":35,"column":58}},{"start":{"line":35,"column":61},"end":{"line":35,"column":62}}],"line":35},"2":{"loc":{"start":{"line":49,"column":15},"end":{"line":49,"column":31}},"type":"cond-expr","locations":[{"start":{"line":49,"column":23},"end":{"line":49,"column":26}},{"start":{"line":49,"column":29},"end":{"line":49,"column":31}}],"line":49},"3":{"loc":{"start":{"line":50,"column":2},"end":{"line":50,"column":79}},"type":"if","locations":[{"start":{"line":50,"column":2},"end":{"line":50,"column":79}},{"start":{},"end":{}}],"line":50},"4":{"loc":{"start":{"line":51,"column":2},"end":{"line":51,"column":75}},"type":"if","locations":[{"start":{"line":51,"column":2},"end":{"line":51,"column":75}},{"start":{},"end":{}}],"line":51},"5":{"loc":{"start":{"line":52,"column":2},"end":{"line":52,"column":75}},"type":"if","locations":[{"start":{"line":52,"column":2},"end":{"line":52,"column":75}},{"start":{},"end":{}}],"line":52}},"s":{"0":1,"1":1,"2":10,"3":4,"4":4,"5":5,"6":5,"7":5,"8":5,"9":1,"10":4,"11":1,"12":3,"13":2,"14":1,"15":0,"16":0,"17":0,"18":0,"19":0},"f":{"0":10,"1":4,"2":5,"3":0,"4":0,"5":0,"6":0},"b":{"0":[10,1],"1":[2,2],"2":[1,4],"3":[1,4],"4":[1,3],"5":[2,1]},"_coverageSchema":"1a1c01bbd47fc00a2c39e90264f33305004495a9","hash":"4c05ad220841cffc87b522e66a63d31a91e8761b"}
}
