TN:
SF:src\hooks\queries\useBudgets.ts
FN:6,useBudgets
FN:10,(anonymous_1)
FNF:2
FNH:2
FNDA:5,useBudgets
FNDA:3,(anonymous_1)
DA:4,1
DA:7,5
DA:8,5
DA:10,3
LF:4
LH:4
BRDA:7,0,0,1
BRDA:7,0,1,4
BRF:2
BRH:2
end_of_record
TN:
SF:src\hooks\ui\useTheme.ts
FN:14,resolveIsDark
FN:20,useTheme
FN:23,(anonymous_2)
FNF:3
FNH:1
FNDA:6,resolveIsDark
FNDA:0,useTheme
FNDA:0,(anonymous_2)
DA:15,6
DA:16,4
DA:17,2
DA:21,0
DA:22,0
DA:23,0
DA:24,0
DA:26,0
DA:27,0
LF:9
LH:3
BRDA:15,0,0,2
BRDA:15,0,1,4
BRDA:16,1,0,2
BRDA:16,1,1,2
BRDA:24,2,0,0
BRDA:24,2,1,0
BRDA:27,3,0,0
BRDA:27,3,1,0
BRF:8
BRH:4
end_of_record
TN:
SF:src\services\notifications.service.ts
FN:15,getNotifs
FN:21,(anonymous_1)
FN:35,requestPermissionsAndGetToken
FN:70,savePushToken
FN:87,wasAlreadyFired
FN:91,markFired
FN:95,checkBudgetThresholds
FN:144,addResponseListener
FN:148,(anonymous_8)
FN:156,syncWeeklySummary
FNF:10
FNH:6
FNDA:4,getNotifs
FNDA:0,(anonymous_1)
FNDA:1,requestPermissionsAndGetToken
FNDA:0,savePushToken
FNDA:0,wasAlreadyFired
FNDA:0,markFired
FNDA:1,checkBudgetThresholds
FNDA:1,addResponseListener
FNDA:1,(anonymous_8)
FNDA:1,syncWeeklySummary
DA:10,1
DA:13,1
DA:16,4
DA:17,0
DA:19,0
DA:20,0
DA:21,0
DA:30,0
DA:36,1
DA:37,1
DA:39,0
DA:40,0
DA:42,0
DA:43,0
DA:44,0
DA:47,0
DA:49,0
DA:50,0
DA:56,0
DA:62,0
DA:63,0
DA:64,0
DA:66,0
DA:71,0
DA:72,0
DA:73,0
DA:85,1
DA:88,0
DA:92,0
DA:100,1
DA:101,1
DA:103,0
DA:104,0
DA:105,0
DA:106,0
DA:108,0
DA:109,0
DA:110,0
DA:111,0
DA:121,0
DA:123,0
DA:124,0
DA:125,0
DA:126,0
DA:136,0
DA:147,1
DA:148,1
DA:149,0
DA:154,1
DA:157,1
DA:158,1
DA:160,0
DA:162,0
DA:164,0
LF:54
LH:13
BRDA:16,0,0,4
BRDA:16,0,1,0
BRDA:17,1,0,0
BRDA:17,1,1,0
BRDA:37,2,0,1
BRDA:37,2,1,0
BRDA:42,3,0,0
BRDA:42,3,1,0
BRDA:47,4,0,0
BRDA:47,4,1,0
BRDA:49,5,0,0
BRDA:49,5,1,0
BRDA:72,6,0,0
BRDA:72,6,1,0
BRDA:101,7,0,1
BRDA:101,7,1,0
BRDA:104,8,0,0
BRDA:104,8,1,0
BRDA:108,9,0,0
BRDA:108,9,1,0
BRDA:108,10,0,0
BRDA:108,10,1,0
BRDA:110,11,0,0
BRDA:110,11,1,0
BRDA:123,12,0,0
BRDA:123,12,1,0
BRDA:123,13,0,0
BRDA:123,13,1,0
BRDA:125,14,0,0
BRDA:125,14,1,0
BRDA:148,15,0,1
BRDA:148,15,1,0
BRDA:158,16,0,1
BRDA:158,16,1,0
BRDA:162,17,0,0
BRDA:162,17,1,0
BRF:36
BRH:5
end_of_record
TN:
SF:src\store\app.store.ts
FN:30,(anonymous_0)
FN:40,(anonymous_1)
FN:41,(anonymous_2)
FN:42,(anonymous_3)
FN:43,(anonymous_4)
FN:44,(anonymous_5)
FN:45,(anonymous_6)
FN:46,(anonymous_7)
FN:47,(anonymous_8)
FN:51,(anonymous_9)
FN:53,(anonymous_10)
FNF:11
FNH:9
FNDA:3,(anonymous_0)
FNDA:1,(anonymous_1)
FNDA:1,(anonymous_2)
FNDA:1,(anonymous_3)
FNDA:0,(anonymous_4)
FNDA:1,(anonymous_5)
FNDA:1,(anonymous_6)
FNDA:1,(anonymous_7)
FNDA:0,(anonymous_8)
FNDA:3,(anonymous_9)
FNDA:12,(anonymous_10)
DA:28,3
DA:30,3
DA:40,1
DA:41,1
DA:42,1
DA:43,0
DA:44,1
DA:45,1
DA:46,1
DA:47,0
DA:51,3
DA:53,12
LF:12
LH:10
BRF:0
BRH:0
end_of_record
TN:
SF:src\store\auth.store.ts
FN:16,(anonymous_0)
FN:22,(anonymous_1)
FN:25,(anonymous_2)
FN:28,(anonymous_3)
FN:29,(anonymous_4)
FNF:5
FNH:5
FNDA:2,(anonymous_0)
FNDA:8,(anonymous_1)
FNDA:2,(anonymous_2)
FNDA:1,(anonymous_3)
FNDA:3,(anonymous_4)
DA:16,2
DA:23,8
DA:26,2
DA:28,1
DA:29,3
LF:5
LH:5
BRF:0
BRH:0
end_of_record
TN:
SF:src\theme\borderRadius.ts
FNF:0
FNH:0
DA:20,1
LF:1
LH:1
BRF:0
BRH:0
end_of_record
TN:
SF:src\theme\colors.ts
FNF:0
FNH:0
DA:21,1
DA:41,1
DA:149,1
LF:3
LH:3
BRF:0
BRH:0
end_of_record
TN:
SF:src\theme\index.ts
FN:590,getProgressColor
FN:603,getCategoryBgColor
FN:614,getAccountCardGradient
FN:627,withOpacity
FN:638,getAmountColor
FN:648,getAmountPrefix
FNF:6
FNH:0
FNDA:0,getProgressColor
FNDA:0,getCategoryBgColor
FNDA:0,getAccountCardGradient
FNDA:0,withOpacity
FNDA:0,getAmountColor
FNDA:0,getAmountPrefix
DA:50,1
DA:117,1
DA:167,1
DA:187,1
DA:224,1
DA:232,1
DA:255,1
DA:288,1
DA:301,1
DA:319,1
DA:327,1
DA:345,1
DA:353,1
DA:370,1
DA:389,1
DA:404,1
DA:412,1
DA:457,1
DA:471,1
DA:482,1
DA:501,1
DA:519,1
DA:554,1
DA:561,1
DA:594,0
DA:595,0
DA:596,0
DA:597,0
DA:604,0
DA:605,0
DA:606,0
DA:607,0
DA:608,0
DA:618,0
DA:621,0
DA:628,0
DA:629,0
DA:630,0
DA:631,0
DA:632,0
DA:642,0
DA:649,0
DA:656,1
LF:43
LH:25
BRDA:595,0,0,0
BRDA:595,0,1,0
BRDA:596,1,0,0
BRDA:596,1,1,0
BRDA:618,2,0,0
BRDA:618,2,1,0
BRDA:642,3,0,0
BRDA:642,3,1,0
BRDA:649,4,0,0
BRDA:649,4,1,0
BRF:10
BRH:0
end_of_record
TN:
SF:src\theme\shadows.ts
FN:19,iosShadow
FN:34,androidShadow
FN:39,shadow
FNF:3
FNH:2
FNDA:14,iosShadow
FNDA:0,androidShadow
FNDA:14,shadow
DA:25,14
DA:26,14
DA:35,0
DA:36,0
DA:46,14
DA:55,1
DA:84,1
LF:7
LH:5
BRDA:25,0,0,0
BRDA:25,0,1,14
BRDA:35,1,0,0
BRDA:35,1,1,0
BRDA:46,2,0,14
BRDA:46,2,1,0
BRF:6
BRH:2
end_of_record
TN:
SF:src\theme\spacing.ts
FNF:0
FNH:0
DA:11,1
LF:1
LH:1
BRF:0
BRH:0
end_of_record
TN:
SF:src\theme\typography.ts
FNF:0
FNH:0
DA:23,1
DA:40,1
DA:52,1
DA:69,1
DA:86,1
DA:101,1
LF:6
LH:6
BRF:0
BRH:0
end_of_record
TN:
SF:src\utils\currency.ts
FN:27,getCurrencySymbol
FN:34,formatFull
FN:46,formatCompact
FN:58,useCurrency
FN:59,(anonymous_4)
FN:63,(anonymous_5)
FN:64,(anonymous_6)
FNF:7
FNH:3
FNDA:10,getCurrencySymbol
FNDA:4,formatFull
FNDA:5,formatCompact
FNDA:0,useCurrency
FNDA:0,(anonymous_4)
FNDA:0,(anonymous_5)
FNDA:0,(anonymous_6)
DA:5,1
DA:21,1
DA:28,10
DA:35,4
DA:36,4
DA:47,5
DA:48,5
DA:49,5
DA:50,5
DA:51,4
DA:52,3
DA:53,1
DA:59,0
DA:60,0
DA:63,0
DA:64,0
LF:16
LH:12
BRDA:28,0,0,10
BRDA:28,0,1,1
BRDA:35,1,0,2
BRDA:35,1,1,2
BRDA:49,2,0,1
BRDA:49,2,1,4
BRDA:50,3,0,1
BRDA:50,3,1,4
BRDA:51,4,0,1
BRDA:51,4,1,3
BRDA:52,5,0,2
BRDA:52,5,1,1
BRF:12
BRH:12
end_of_record
